[debug] [2024-02-22T19:55:47.682Z] ----------------------------------------------------------------------
[debug] [2024-02-22T19:55:47.685Z] Command:       C:\Program Files\nodejs\node.exe C:\Users\55199\AppData\Roaming\npm\node_modules\firebase-tools\lib\bin\firebase.js init
[debug] [2024-02-22T19:55:47.685Z] CLI Version:   13.3.1
[debug] [2024-02-22T19:55:47.686Z] Platform:      win32
[debug] [2024-02-22T19:55:47.686Z] Node Version:  v18.16.0
[debug] [2024-02-22T19:55:47.687Z] Time:          Thu Feb 22 2024 16:55:47 GMT-0300 (Horário Padrão de Brasília)
[debug] [2024-02-22T19:55:47.688Z] ----------------------------------------------------------------------
[debug] 
[debug] [2024-02-22T19:55:47.692Z] >>> [apiv2][query] GET https://firebase-public.firebaseio.com/cli.json [none]
[debug] [2024-02-22T19:55:47.756Z] > command requires scopes: ["email","openid","https://www.googleapis.com/auth/cloudplatformprojects.readonly","https://www.googleapis.com/auth/firebase","https://www.googleapis.com/auth/cloud-platform"]
[debug] [2024-02-22T19:55:47.756Z] > authorizing via signed-in user (vitoorhugoamaro@gmail.com)
[info] 
     ######## #### ########  ######## ########     ###     ######  ########
     ##        ##  ##     ## ##       ##     ##  ##   ##  ##       ##
     ######    ##  ########  ######   ########  #########  ######  ######
     ##        ##  ##    ##  ##       ##     ## ##     ##       ## ##
     ##       #### ##     ## ######## ########  ##     ##  ######  ########

You're about to initialize a Firebase project in this directory:

  C:\Users\55199\AndroidStudioProjects\Aprendendo2

[debug] [2024-02-22T19:55:48.317Z] <<< [apiv2][status] GET https://firebase-public.firebaseio.com/cli.json 200
[debug] [2024-02-22T19:55:48.318Z] <<< [apiv2][body] GET https://firebase-public.firebaseio.com/cli.json {"cloudBuildErrorAfter":1594252800000,"cloudBuildWarnAfter":1590019200000,"defaultNode10After":1594252800000,"minVersion":"3.0.5","node8DeploysDisabledAfter":1613390400000,"node8RuntimeDisabledAfter":1615809600000,"node8WarnAfter":1600128000000}
[debug] [2024-02-25T15:04:02.252Z] ----------------------------------------------------------------------
[debug] [2024-02-25T15:04:02.257Z] Command:       C:\Program Files\nodejs\node.exe C:\Users\55199\AppData\Roaming\npm\node_modules\firebase-tools\lib\bin\firebase.js init
[debug] [2024-02-25T15:04:02.258Z] CLI Version:   13.3.1
[debug] [2024-02-25T15:04:02.258Z] Platform:      win32
[debug] [2024-02-25T15:04:02.258Z] Node Version:  v18.16.0
[debug] [2024-02-25T15:04:02.268Z] Time:          Sun Feb 25 2024 12:04:02 GMT-0300 (Horário Padrão de Brasília)
[debug] [2024-02-25T15:04:02.268Z] ----------------------------------------------------------------------
[debug] 
[debug] [2024-02-25T15:04:02.273Z] >>> [apiv2][query] GET https://firebase-public.firebaseio.com/cli.json [none]
[debug] [2024-02-25T15:04:02.326Z] > command requires scopes: ["email","openid","https://www.googleapis.com/auth/cloudplatformprojects.readonly","https://www.googleapis.com/auth/firebase","https://www.googleapis.com/auth/cloud-platform"]
[debug] [2024-02-25T15:04:02.327Z] > authorizing via signed-in user (vitoorhugoamaro@gmail.com)
[info] 
     ######## #### ########  ######## ########     ###     ######  ########
     ##        ##  ##     ## ##       ##     ##  ##   ##  ##       ##
     ######    ##  ########  ######   ########  #########  ######  ######
     ##        ##  ##    ##  ##       ##     ## ##     ##       ## ##
     ##       #### ##     ## ######## ########  ##     ##  ######  ########

You're about to initialize a Firebase project in this directory:

  C:\Users\55199\AndroidStudioProjects\Aprendendo2

[debug] [2024-02-25T15:04:02.835Z] <<< [apiv2][status] GET https://firebase-public.firebaseio.com/cli.json 200
[debug] [2024-02-25T15:04:02.836Z] <<< [apiv2][body] GET https://firebase-public.firebaseio.com/cli.json {"cloudBuildErrorAfter":1594252800000,"cloudBuildWarnAfter":1590019200000,"defaultNode10After":1594252800000,"minVersion":"3.0.5","node8DeploysDisabledAfter":1613390400000,"node8RuntimeDisabledAfter":1615809600000,"node8WarnAfter":1600128000000}
